xrun(64): 20.09-s009: (c) Copyright 1995-2021 Cadence Design Systems, Inc.
TOOL:	xrun(64)	20.09-s009: Started on May 07, 2025 at 10:22:47 IST
xrun
	-access +rwc
	-f compile_list.f
		./../../RTL/grant_arbiter.sv
		./../../RTL/rate_limiter_16to8.sv
		./../../RTL/sch_ctrl_fsm.sv
		./../../RTL/scheduler_reg_config.sv
		./../UVME/uvm_pkg/test_pkg.sv
		./../UVME/top/ulss_top.sv
		./../UVME/top/ulss_interface.sv
	-uvmhome CDNS-1.1d
	+UVM_TESTNAME=in_stream_twelve_to_fifteen_map_test
Recompiling... reason: file '../UVME/sequence/in_stream_eight_to_eleven_map_sequence.sv' is newer than expected.
	expected: Wed May  7 10:17:46 2025
	actual:   Wed May  7 10:21:14 2025
Compiling UVM packages (uvm_pkg.sv cdns_uvm_pkg.sv) using uvmhome location /tools/cadence_march2021/XCELIUM2009/tools/methodology/UVM/CDNS-1.1d
file: ./../UVME/uvm_pkg/test_pkg.sv
package test_pkg;
               |
xmvlog: *W,TSNSPK (./../UVME/uvm_pkg/test_pkg.sv,1|15): `timescale is not specified for the package.  The default timescale of 1ns/1ns will be assumed for this package.
	package worklib.test_pkg:sv
		errors: 0, warnings: 1
file: ./../UVME/top/ulss_top.sv
     int wait_timeout_cycles =36000;       // Default for regular tests
                             |
xmvlog: *W,VARIST (./../UVME/top/ulss_top.sv,165|29): Local static variable with initializer requires 'static' keyword.
  int simulation_timeout_cycles = 36000;
                                |
xmvlog: *W,VARIST (./../UVME/top/ulss_top.sv,166|32): Local static variable with initializer requires 'static' keyword.
	module worklib.ulss_top:sv
		errors: 0, warnings: 2
		Caching library 'worklib' ....... Done
	Elaborating the design hierarchy:
	Top level design units:
		uvm_pkg
		cdns_uvmapi
		cdns_assert2uvm_pkg
		cdns_uvm_pkg
		test_pkg
		ulss_top
xmelab: *W,DSEMEL: This SystemVerilog design will be simulated as per IEEE 1800-2009 SystemVerilog simulation semantics. Use -disable_sem2009 option for turning off SV 2009 simulation semantics.
	Building instance overlay tables: .................... Done
	Generating native compiled code:
		worklib.uvm_pkg:sv <0x75f4b7c8>
			streams:  22, words: 311801
		worklib.uvm_pkg:sv <0x6b3cf168>
			streams:  21, words: 20020
		worklib.uvm_pkg:sv <0x797541d0>
			streams:  23, words: 36625
		worklib.uvm_pkg:sv <0x26d95a11>
			streams:  21, words: 20063
		worklib.uvm_pkg:sv <0x023464c8>
			streams:  23, words: 28660
		worklib.uvm_pkg:sv <0x2398b9d1>
			streams:  21, words: 20020
		worklib.uvm_pkg:sv <0x1130c87a>
			streams:  23, words: 27717
		worklib.uvm_pkg:sv <0x5785b2f1>
			streams:  21, words: 20020
		worklib.uvm_pkg:sv <0x3da4f57c>
			streams:  23, words: 27717
		worklib.uvm_pkg:sv <0x4a59fd66>
			streams:  21, words: 20020
		worklib.uvm_pkg:sv <0x5e3fec3e>
			streams:  23, words: 51936
		worklib.uvm_pkg:sv <0x1d795239>
			streams:  21, words: 20020
		worklib.uvm_pkg:sv <0x716f72c3>
			streams:  23, words: 105199
		worklib.uvm_pkg:sv <0x564f1eb5>
			streams:  21, words: 20223
		worklib.uvm_pkg:sv <0x36ea6fa7>
			streams:  25, words: 70856
		worklib.uvm_pkg:sv <0x7f2862a0>
			streams:  21, words: 20020
		worklib.uvm_pkg:sv <0x697fa7e7>
			streams:  23, words: 65119
		worklib.uvm_pkg:sv <0x4ae6491e>
			streams:  21, words: 20020
		worklib.uvm_pkg:sv <0x7e09b18c>
			streams:  23, words: 97702
		worklib.uvm_pkg:sv <0x119c09ba>
			streams:  21, words: 20213
		worklib.uvm_pkg:sv <0x61424b31>
			streams:  25, words: 70854
		worklib.uvm_pkg:sv <0x250ebcb2>
			streams:  21, words: 20020
		worklib.uvm_pkg:sv <0x56b83ea1>
			streams:  23, words: 313033
		worklib.uvm_pkg:sv <0x09f0d3c5>
			streams:  21, words: 20226
		worklib.uvm_pkg:sv <0x06416c34>
			streams:  25, words: 70867
		worklib.uvm_pkg:sv <0x69e13417>
			streams:  21, words: 19929
		worklib.uvm_pkg:sv <0x172630c6>
			streams:  23, words: 65119
		worklib.uvm_pkg:sv <0x553543ad>
			streams:  21, words: 20020
		worklib.uvm_pkg:sv <0x201395b7>
			streams:  23, words: 138035
		worklib.uvm_pkg:sv <0x6ced17f1>
			streams:  21, words: 20020
		worklib.uvm_pkg:sv <0x0438b3b3>
			streams:  23, words: 145779
		worklib.uvm_pkg:sv <0x543c3bb0>
			streams:  21, words: 20020
		worklib.test_pkg:sv <0x3b54e97e>
			streams:  22, words: 17965
		worklib.uvm_pkg:sv <0x5aec313c>
			streams:  22, words: 22460
		worklib.uvm_pkg:sv <0x4954e818>
			streams:  22, words: 23460
		worklib.uvm_pkg:sv <0x0c76d4c5>
			streams:  22, words: 21565
		worklib.uvm_pkg:sv <0x2b651961>
			streams:  60, words: 56674
		worklib.uvm_pkg:sv <0x15fa3517>
			streams: 296, words: 442220
		worklib.uvm_pkg:sv <0x163c31c3>
			streams:  23, words: 132623
		worklib.uvm_pkg:sv <0x608ed8e8>
			streams: 177, words: 199238
		worklib.uvm_pkg:sv <0x2613024c>
			streams:  23, words: 333286
		worklib.ulss_top:sv <0x3f99058d>
			streams: 162, words: 103514
		worklib.test_pkg:sv <0x67ec2b48>
			streams:   0, words:     0
	Building instance specific data structures.
	Loading native compiled code:     .................... Done
	Design hierarchy summary:
		                       Instances  Unique
		Modules:                       8       5
		Interfaces:                    1       1
		Verilog packages:              5       5
		Registers:                 16349   11618
		Scalar wires:                472       -
		Vectored wires:              298       -
		Named events:                  4      12
		Always blocks:               142      37
		Initial blocks:              383     191
		Parallel blocks:              28      29
		Cont. assignments:           312     117
		Pseudo assignments:          254     254
		Assertions:                    2       2
		SV Class declarations:       230     344
		SV Class specializations:    444     444
	Writing initial simulation snapshot: worklib.ulss_top:sv
Loading snapshot worklib.ulss_top:sv .................... Done
SVSEED default: 1
xmsim: *W,RNDXCELON: A newer version of the SystemVerilog constraint solver is being used which has better support for array-solving, new solve-order mechanism, and seed stability enhancements..
xmsim: *W,DSEM2009: This SystemVerilog design is simulated as per IEEE 1800-2009 SystemVerilog simulation semantics. Use -disable_sem2009 option for turning off SV 2009 simulation semantics.
xcelium> source /tools/cadence_march2021/XCELIUM2009/tools/xcelium/files/xmsimrc
xcelium> source /tools/cadence_march2021/XCELIUM2009/tools/methodology/UVM/CDNS-1.1d/additions/sv/files/tcl/uvm_sim.tcl
xcelium> run
----------------------------------------------------------------
CDNS-UVM-1.1d (20.09-s009)
(C) 2007-2013 Mentor Graphics Corporation
(C) 2007-2013 Cadence Design Systems, Inc.
(C) 2006-2013 Synopsys, Inc.
(C) 2011-2013 Cypress Semiconductor Corp.
----------------------------------------------------------------

  ***********       IMPORTANT RELEASE NOTES         ************

  You are using a version of the UVM library that has been compiled
  with `UVM_NO_DEPRECATED undefined.
  See http://www.eda.org/svdb/view.php?id=3313 for more details.

  You are using a version of the UVM library that has been compiled
  with `UVM_OBJECT_MUST_HAVE_CONSTRUCTOR undefined.
  See http://www.eda.org/svdb/view.php?id=3770 for more details.

      (Specify +UVM_NO_RELNOTES to turn off this notice)

UVM_INFO @ 0: reporter [RNTST] Running test in_stream_twelve_to_fifteen_map_test...
UVM_INFO ./../UVME/agent/ulss_driver.sv(446) @ 0: uvm_test_top.env.ulss_agent.drv [ulss_driver] Using wait_timeout_cycles=100, simulation_timeout_cycles=10000
UVM_INFO @ 0: reporter [UVMTOP] UVM testbench topology:
-------------------------------------------------------------------------------------
Name                               Type                                  Size  Value 
-------------------------------------------------------------------------------------
uvm_test_top                       in_stream_twelve_to_fifteen_map_test  -     @2747 
  env                              ulss_env                              -     @2807 
    ulss_agent                     ulss_agent                            -     @2853 
      drv                          ulss_driver                           -     @2887 
        rsp_port                   uvm_analysis_port                     -     @2987 
        seq_item_port              uvm_seq_item_pull_port                -     @2936 
        wait_timeout_cycles        integral                              32    'h64  
        simulation_timeout_cycles  integral                              32    'h2710
      mon                          ulss_monitor                          -     @3018 
        analysis_port              uvm_analysis_port                     -     @3731 
      sqr                          ulss_sequencer                        -     @3049 
        rsp_export                 uvm_analysis_export                   -     @3107 
        seq_item_export            uvm_seq_item_pull_imp                 -     @3655 
        arbitration_queue          array                                 0     -     
        lock_queue                 array                                 0     -     
        num_last_reqs              integral                              32    'd1   
        num_last_rsps              integral                              32    'd1   
-------------------------------------------------------------------------------------

UVM_INFO ./../UVME/tests/in_stream_twelve_to_fifteen_map_test.sv(19) @ 0: uvm_test_top [uvm_test_top] it test first line
UVM_INFO ./../UVME/tests/in_stream_twelve_to_fifteen_map_test.sv(21) @ 0: uvm_test_top [in_stream_twelve_to_fifteen_map_test] inside the in_stream_twelve_to_fifteen_map_sequence_inst test
UVM_INFO ./../UVME/sequence/in_stream_twelve_to_fifteen_map_sequence.sv(19) @ 0: uvm_test_top.env.ulss_agent.sqr@@in_stream_twelve_to_fifteen_map_sequence_inst [in_stream_twelve_to_fifteen_map_sequence] in_stream_twelve_to_fifteen_map_sequence: starting sequence
UVM_INFO ./../UVME/agent/ulss_driver.sv(550) @ 78: uvm_test_top.env.ulss_agent.drv [ulss_driver] [DRV] WRITE ADDR=3 DATA=0xf000
UVM_INFO ./../UVME/sequence/in_stream_twelve_to_fifteen_map_sequence.sv(61) @ 102: uvm_test_top.env.ulss_agent.sqr@@in_stream_twelve_to_fifteen_map_sequence_inst [in_stream_twelve_to_fifteen_map_sequence] out_stream_3_reg=0xf000
UVM_INFO ./../UVME/agent/ulss_driver.sv(550) @ 132: uvm_test_top.env.ulss_agent.drv [ulss_driver] [DRV] WRITE ADDR=16 DATA=0x10003
UVM_INFO ./../UVME/sequence/in_stream_twelve_to_fifteen_map_sequence.sv(97) @ 166: uvm_test_top.env.ulss_agent.sqr@@in_stream_twelve_to_fifteen_map_sequence_inst [in_stream_twelve_to_fifteen_map_sequence] in_stream_12_reg=0x10003
UVM_INFO ./../UVME/agent/ulss_driver.sv(550) @ 186: uvm_test_top.env.ulss_agent.drv [ulss_driver] [DRV] WRITE ADDR=17 DATA=0x10002
UVM_INFO ./../UVME/sequence/in_stream_twelve_to_fifteen_map_sequence.sv(128) @ 210: uvm_test_top.env.ulss_agent.sqr@@in_stream_twelve_to_fifteen_map_sequence_inst [in_stream_twelve_to_fifteen_map_sequence] in_stream_13_reg=0x10002
UVM_INFO ./../UVME/agent/ulss_driver.sv(550) @ 230: uvm_test_top.env.ulss_agent.drv [ulss_driver] [DRV] WRITE ADDR=18 DATA=0x10001
UVM_INFO ./../UVME/sequence/in_stream_twelve_to_fifteen_map_sequence.sv(159) @ 266: uvm_test_top.env.ulss_agent.sqr@@in_stream_twelve_to_fifteen_map_sequence_inst [in_stream_twelve_to_fifteen_map_sequence] in_stream_14_reg=0x10001
UVM_INFO ./../UVME/agent/ulss_driver.sv(550) @ 286: uvm_test_top.env.ulss_agent.drv [ulss_driver] [DRV] WRITE ADDR=19 DATA=0x10002
UVM_INFO ./../UVME/sequence/in_stream_twelve_to_fifteen_map_sequence.sv(190) @ 310: uvm_test_top.env.ulss_agent.sqr@@in_stream_twelve_to_fifteen_map_sequence_inst [in_stream_twelve_to_fifteen_map_sequence] in_stream_15_reg=0x10002
UVM_INFO ./../UVME/sequence/in_stream_twelve_to_fifteen_map_sequence.sv(231) @ 382: uvm_test_top.env.ulss_agent.sqr@@in_stream_twelve_to_fifteen_map_sequence_inst [in_stream_twelve_to_fifteen_map_sequence] Sending packet on stream 12
UVM_INFO ./../UVME/sequence/in_stream_twelve_to_fifteen_map_sequence.sv(294) @ 482: uvm_test_top.env.ulss_agent.sqr@@in_stream_twelve_to_fifteen_map_sequence_inst [in_stream_twelve_to_fifteen_map_sequence] Sending packet on stream 13
UVM_INFO ./../UVME/sequence/in_stream_twelve_to_fifteen_map_sequence.sv(357) @ 568: uvm_test_top.env.ulss_agent.sqr@@in_stream_twelve_to_fifteen_map_sequence_inst [in_stream_twelve_to_fifteen_map_sequence] Sending packet on stream 14
UVM_INFO ./../UVME/agent/ulss_driver.sv(665) @ 574: uvm_test_top.env.ulss_agent.drv [ulss_driver] [DRV] Grant for stream 14 already active
UVM_INFO ./../UVME/sequence/in_stream_twelve_to_fifteen_map_sequence.sv(431) @ 672: uvm_test_top.env.ulss_agent.sqr@@in_stream_twelve_to_fifteen_map_sequence_inst [in_stream_twelve_to_fifteen_map_sequence] Sending packet on stream 15
UVM_INFO ./../UVME/sequence/in_stream_twelve_to_fifteen_map_sequence.sv(557) @ 734: uvm_test_top.env.ulss_agent.sqr@@in_stream_twelve_to_fifteen_map_sequence_inst [in_stream_twelve_to_fifteen_map_sequence] Sequence completed successfully
UVM_INFO ./../UVME/tests/in_stream_twelve_to_fifteen_map_test.sv(27) @ 734: uvm_test_top [in_stream_twelve_to_fifteen_map_test] in_stream_twelve_to_fifteen_map_test scenario 2 is completed
UVM_WARNING ./../UVME/agent/ulss_driver.sv(495) @ 40078: uvm_test_top.env.ulss_agent.drv [ulss_driver] Global simulation timeout reached (10000 cycles), ending simulation
UVM_INFO /tools/cadence_march2021/XCELIUM2009/tools/methodology/UVM/CDNS-1.1d/sv/src/base/uvm_objection.svh(1268) @ 40118: reporter [TEST_DONE] 'run' phase is ready to proceed to the 'extract' phase

--- UVM Report catcher Summary ---


Number of demoted UVM_FATAL reports  :    0
Number of demoted UVM_ERROR reports  :    0
Number of demoted UVM_WARNING reports:    0
Number of caught UVM_FATAL reports   :    0
Number of caught UVM_ERROR reports   :    0
Number of caught UVM_WARNING reports :    0

--- UVM Report Summary ---

** Report counts by severity
UVM_INFO :   24
UVM_WARNING :    1
UVM_ERROR :    0
UVM_FATAL :    0
** Report counts by id
[RNTST]     1
[TEST_DONE]     1
[UVMTOP]     1
[in_stream_twelve_to_fifteen_map_sequence]    11
[in_stream_twelve_to_fifteen_map_test]     2
[ulss_driver]     8
[uvm_test_top]     1
Simulation complete via $finish(1) at time 40118 NS + 45
/tools/cadence_march2021/XCELIUM2009/tools/methodology/UVM/CDNS-1.1d/sv/src/base/uvm_root.svh:457     $finish;
xcelium> exit
TOOL:	xrun(64)	20.09-s009: Exiting on May 07, 2025 at 10:22:53 IST  (total: 00:00:06)
